Build started 2014-01-08 01:48:05.
     1>Project "D:\GIT\frogger_ht13\Frogger\Frogger\Frogger.vcxproj" on node 2 (Build target(s)).
     1>ClCompile:
         C:\Program Files (x86)\Microsoft Visual Studio 11.0\VC\bin\CL.exe /c /I../deps/sdl2/include /I../deps/sdl2_image/include /I../deps/sdl2_mixer/include /ZI /nologo /W3 /WX- /Od /Oy- /D WIN32 /D _DEBUG /D _CONSOLE /D _UNICODE /D UNICODE /Gm /EHsc /RTC1 /MDd /GS /fp:precise /Zc:wchar_t /Zc:forScope /Fo"../buildB/Frogger/Debug\\" /Fd"../buildB/Frogger/Debug\vc110.pdb" /Gd /TP /analyze- /errorReport:prompt Slider.cpp
         Slider.cpp
       Link:
         C:\Program Files (x86)\Microsoft Visual Studio 11.0\VC\bin\link.exe /ERRORREPORT:PROMPT /OUT:"../bin/Frogger_x86d.exe" /INCREMENTAL /NOLOGO /LIBPATH:../deps/sdl2/lib/x86 /LIBPATH:../deps/sdl2_image/lib/x86 /LIBPATH:../deps/sdl2_mixer/lib/x86 kernel32.lib user32.lib gdi32.lib winspool.lib comdlg32.lib advapi32.lib shell32.lib ole32.lib oleaut32.lib uuid.lib odbc32.lib odbccp32.lib /MANIFEST /MANIFESTUAC:"level='asInvoker' uiAccess='false'" /manifest:embed /DEBUG /PDB:"../bin/Frogger_x86d.pdb" /SUBSYSTEM:CONSOLE /TLBID:1 /DYNAMICBASE /NXCOMPAT /IMPLIB:"../bin/Frogger_x86d.lib" /MACHINE:X86 ../buildB/Frogger/Debug\BackgroundObject.obj
         ../buildB/Frogger/Debug\Collider.obj
         ../buildB/Frogger/Debug\DrawManager.obj
         ../buildB/Frogger/Debug\Engine.obj
         ../buildB/Frogger/Debug\GameObject.obj
         ../buildB/Frogger/Debug\GameState.obj
         ../buildB/Frogger/Debug\Level.obj
         ../buildB/Frogger/Debug\LevelBackground.obj
         ../buildB/Frogger/Debug\main.obj
         ../buildB/Frogger/Debug\Menu.obj
         ../buildB/Frogger/Debug\MenuState.obj
         ../buildB/Frogger/Debug\MusicClip.obj
         ../buildB/Frogger/Debug\Slider.obj
         ../buildB/Frogger/Debug\SoundClip.obj
         ../buildB/Frogger/Debug\SoundManager.obj
         ../buildB/Frogger/Debug\Sprite.obj
         ../buildB/Frogger/Debug\SpriteManager.obj
         ../buildB/Frogger/Debug\StateManager.obj
         ../buildB/Frogger/Debug\Vector2.obj
         Frogger.vcxproj -> D:\GIT\frogger_ht13\Frogger\Frogger\../bin/Frogger_x86d.exe
     1>Done Building Project "D:\GIT\frogger_ht13\Frogger\Frogger\Frogger.vcxproj" (Build target(s)).

Build succeeded.

Time Elapsed 00:00:00.46
