D:\GIT\FROGGER_HT13\FROGGER\BUILDB\FROGGER\DEBUG\BACKGROUNDOBJECT.OBJ
D:\GIT\FROGGER_HT13\FROGGER\BUILDB\FROGGER\DEBUG\COLLIDER.OBJ
D:\GIT\FROGGER_HT13\FROGGER\BUILDB\FROGGER\DEBUG\DRAWMANAGER.OBJ
D:\GIT\FROGGER_HT13\FROGGER\BUILDB\FROGGER\DEBUG\ENGINE.OBJ
D:\GIT\FROGGER_HT13\FROGGER\BUILDB\FROGGER\DEBUG\GAMEOBJECT.OBJ
D:\GIT\FROGGER_HT13\FROGGER\BUILDB\FROGGER\DEBUG\GAMESTATE.OBJ
D:\GIT\FROGGER_HT13\FROGGER\BUILDB\FROGGER\DEBUG\LEVEL.OBJ
D:\GIT\FROGGER_HT13\FROGGER\BUILDB\FROGGER\DEBUG\LEVELBACKGROUND.OBJ
D:\GIT\FROGGER_HT13\FROGGER\BUILDB\FROGGER\DEBUG\MAIN.OBJ
D:\GIT\FROGGER_HT13\FROGGER\BUILDB\FROGGER\DEBUG\MENU.OBJ
D:\GIT\FROGGER_HT13\FROGGER\BUILDB\FROGGER\DEBUG\MENUSTATE.OBJ
D:\GIT\FROGGER_HT13\FROGGER\BUILDB\FROGGER\DEBUG\MUSICCLIP.OBJ
D:\GIT\FROGGER_HT13\FROGGER\BUILDB\FROGGER\DEBUG\SLIDER.OBJ
D:\GIT\FROGGER_HT13\FROGGER\BUILDB\FROGGER\DEBUG\SOUNDCLIP.OBJ
D:\GIT\FROGGER_HT13\FROGGER\BUILDB\FROGGER\DEBUG\SOUNDMANAGER.OBJ
D:\GIT\FROGGER_HT13\FROGGER\BUILDB\FROGGER\DEBUG\SPRITE.OBJ
D:\GIT\FROGGER_HT13\FROGGER\BUILDB\FROGGER\DEBUG\SPRITEMANAGER.OBJ
D:\GIT\FROGGER_HT13\FROGGER\BUILDB\FROGGER\DEBUG\STATEMANAGER.OBJ
D:\GIT\FROGGER_HT13\FROGGER\BUILDB\FROGGER\DEBUG\VECTOR2.OBJ
D:\GIT\FROGGER_HT13\FROGGER\BUILDB\FROGGER\DEBUG\VC110.PDB
D:\GIT\FROGGER_HT13\FROGGER\BIN\FROGGER_X86D.ILK
D:\GIT\FROGGER_HT13\FROGGER\BIN\FROGGER_X86D.EXE
D:\GIT\FROGGER_HT13\FROGGER\BIN\FROGGER_X86D.PDB
D:\GIT\frogger_ht13\Frogger\buildB\Frogger\Debug\BackgroundObject.obj
D:\GIT\frogger_ht13\Frogger\buildB\Frogger\Debug\Collider.obj
D:\GIT\frogger_ht13\Frogger\buildB\Frogger\Debug\DrawManager.obj
D:\GIT\frogger_ht13\Frogger\buildB\Frogger\Debug\Engine.obj
D:\GIT\frogger_ht13\Frogger\buildB\Frogger\Debug\GameObject.obj
D:\GIT\frogger_ht13\Frogger\buildB\Frogger\Debug\GameState.obj
D:\GIT\frogger_ht13\Frogger\buildB\Frogger\Debug\Level.obj
D:\GIT\frogger_ht13\Frogger\buildB\Frogger\Debug\LevelBackground.obj
D:\GIT\frogger_ht13\Frogger\buildB\Frogger\Debug\main.obj
D:\GIT\frogger_ht13\Frogger\buildB\Frogger\Debug\Menu.obj
D:\GIT\frogger_ht13\Frogger\buildB\Frogger\Debug\MenuState.obj
D:\GIT\frogger_ht13\Frogger\buildB\Frogger\Debug\MusicClip.obj
D:\GIT\frogger_ht13\Frogger\buildB\Frogger\Debug\Slider.obj
D:\GIT\frogger_ht13\Frogger\buildB\Frogger\Debug\SoundClip.obj
D:\GIT\frogger_ht13\Frogger\buildB\Frogger\Debug\SoundManager.obj
D:\GIT\frogger_ht13\Frogger\buildB\Frogger\Debug\Sprite.obj
D:\GIT\frogger_ht13\Frogger\buildB\Frogger\Debug\SpriteManager.obj
D:\GIT\frogger_ht13\Frogger\buildB\Frogger\Debug\StateManager.obj
D:\GIT\frogger_ht13\Frogger\buildB\Frogger\Debug\Vector2.obj
D:\GIT\frogger_ht13\Frogger\buildB\Frogger\Debug\cl.command.1.tlog
D:\GIT\frogger_ht13\Frogger\buildB\Frogger\Debug\CL.read.1.tlog
D:\GIT\frogger_ht13\Frogger\buildB\Frogger\Debug\CL.write.1.tlog
D:\GIT\frogger_ht13\Frogger\buildB\Frogger\Debug\link-cvtres.read.1.tlog
D:\GIT\frogger_ht13\Frogger\buildB\Frogger\Debug\link-cvtres.write.1.tlog
D:\GIT\frogger_ht13\Frogger\buildB\Frogger\Debug\link-rc.read.1.tlog
D:\GIT\frogger_ht13\Frogger\buildB\Frogger\Debug\link-rc.write.1.tlog
D:\GIT\frogger_ht13\Frogger\buildB\Frogger\Debug\link.command.1.tlog
D:\GIT\frogger_ht13\Frogger\buildB\Frogger\Debug\link.read.1.tlog
D:\GIT\frogger_ht13\Frogger\buildB\Frogger\Debug\link.write.1.tlog
D:\GIT\frogger_ht13\Frogger\buildB\Frogger\Debug\vc110.idb
D:\GIT\frogger_ht13\Frogger\buildB\Frogger\Debug\vc110.pdb
D:\GIT\frogger_ht13\Frogger\Frogger\../bin/Frogger_x86d.exe
